<?xml version="1.0" encoding="UTF-8" ?>
<testsuite failures="0" time="0.06" errors="0" skipped="0" tests="0" name="com.cmq.module.util.DataUtilTest">
  <properties>
    <property name="java.runtime.name" value="Java(TM) SE Runtime Environment"/>
    <property name="sun.boot.library.path" value="E:\Program Files\Java\jdk1.6.0_17\jre\bin"/>
    <property name="java.vm.version" value="14.3-b01"/>
    <property name="java.vm.vendor" value="Sun Microsystems Inc."/>
    <property name="java.vendor.url" value="http://java.sun.com/"/>
    <property name="path.separator" value=";"/>
    <property name="java.vm.name" value="Java HotSpot(TM) Client VM"/>
    <property name="file.encoding.pkg" value="sun.io"/>
    <property name="user.country" value="CN"/>
    <property name="sun.java.launcher" value="SUN_STANDARD"/>
    <property name="sun.os.patch.level" value=""/>
    <property name="java.vm.specification.name" value="Java Virtual Machine Specification"/>
    <property name="user.dir" value="E:\android\workplace\java"/>
    <property name="java.runtime.version" value="1.6.0_17-b04"/>
    <property name="java.awt.graphicsenv" value="sun.awt.Win32GraphicsEnvironment"/>
    <property name="basedir" value="E:\android\workplace\java"/>
    <property name="java.endorsed.dirs" value="E:\Program Files\Java\jdk1.6.0_17\jre\lib\endorsed"/>
    <property name="os.arch" value="x86"/>
    <property name="surefire.real.class.path" value="E:\android\workplace\java\target\surefire\surefirebooter7534658525256199135.jar"/>
    <property name="java.io.tmpdir" value="C:\Users\john\AppData\Local\Temp\"/>
    <property name="line.separator" value="
"/>
    <property name="java.vm.specification.vendor" value="Sun Microsystems Inc."/>
    <property name="user.variant" value=""/>
    <property name="os.name" value="Windows 7"/>
    <property name="sun.jnu.encoding" value="GBK"/>
    <property name="java.library.path" value="E:\Program Files\Java\jdk1.6.0_17\jre\bin;.;C:\Windows\Sun\Java\bin;C:\Windows\system32;C:\Windows;E:/Program Files/Java/jre6/bin/client;E:/Program Files/Java/jre6/bin;E:/Program Files/Java/jre6/lib/i386;C:\Program Files\Common Files\Microsoft Shared\Windows Live;C:\Program Files\AMD APP\bin\x86;C:\Windows\system32;C:\Windows;C:\Windows\System32\Wbem;C:\Windows\System32\WindowsPowerShell\v1.0\;C:\Program Files\ATI Technologies\ATI.ACE\Core-Static;C:\Program Files\MySQL\MySQL Server 5.5\bin;E:\OpenZip\Java\jdk1.6.0_17\bin;E:\OpenZip\Java\jdk1.6.0_17\jre\bin;E:\Program Files\Microsoft SQL Server\100\Tools\Binn\;E:\Program Files\Microsoft SQL Server\100\DTS\Binn\;E:\Program Files\Microsoft SQL Server\100\Tools\Binn\VSShell\Common7\IDE\;C:\Program Files\Microsoft Visual Studio 9.0\Common7\IDE\PrivateAssemblies\;C:\Program Files\Intel\WiFi\bin\;C:\Program Files\Common Files\Intel\WirelessCommon\;D:\Program Files\ATI Technologies\ATI.ACE\Core-Static;E:\OpenZip\apache-maven-3.0.3\bin;E:\Program Files\Subversion\bin;E:\Program Files\TortoiseSVN\bin;E:\OpenZip\apache2.2\bin;C:\Program Files\Mozilla Firefox;E:\android\android-sdk-windows\tools;E:\android\openZip\apk-tools;E:\android\android-sdk-windows\platform-tools;C:\Program Files\Windows Live\Shared;E:\OpenZip\axis2-1.6.2\bin;C:\Program Files\Intel\WiFi\bin\;C:\Program Files\Common Files\Intel\WirelessCommon\;C:\Program Files\DBank\ClickUp; C:\Users\john\AppData\Local\Google\Chrome\Application\;E:\Zip\mongodb-win32-i386-2.2.2\bin;E:\Zip\axis\axis2-1.6.2\bin;E:\android\eclipse;"/>
    <property name="surefire.test.class.path" value="E:\android\workplace\java\target\test-classes;E:\android\workplace\java\target\classes;C:\Users\john\.m2\repository\junit\junit\3.8.1\junit-3.8.1.jar;C:\Users\john\.m2\repository\org\apache\httpcomponents\httpclient\4.1.2\httpclient-4.1.2.jar;C:\Users\john\.m2\repository\org\apache\httpcomponents\httpcore\4.1.2\httpcore-4.1.2.jar;C:\Users\john\.m2\repository\commons-logging\commons-logging\1.1.1\commons-logging-1.1.1.jar;C:\Users\john\.m2\repository\commons-codec\commons-codec\1.4\commons-codec-1.4.jar;C:\Users\john\.m2\repository\org\codehaus\jackson\jackson-mapper-asl\1.9.1\jackson-mapper-asl-1.9.1.jar;C:\Users\john\.m2\repository\org\codehaus\jackson\jackson-core-asl\1.9.1\jackson-core-asl-1.9.1.jar;C:\Users\john\.m2\repository\javax\servlet\servlet-api\2.5\servlet-api-2.5.jar;"/>
    <property name="java.specification.name" value="Java Platform API Specification"/>
    <property name="java.class.version" value="50.0"/>
    <property name="sun.management.compiler" value="HotSpot Client Compiler"/>
    <property name="os.version" value="6.1"/>
    <property name="user.home" value="C:\Users\john"/>
    <property name="user.timezone" value=""/>
    <property name="java.awt.printerjob" value="sun.awt.windows.WPrinterJob"/>
    <property name="java.specification.version" value="1.6"/>
    <property name="file.encoding" value="GBK"/>
    <property name="user.name" value="john"/>
    <property name="java.class.path" value="E:\android\workplace\java\target\test-classes;E:\android\workplace\java\target\classes;C:\Users\john\.m2\repository\junit\junit\3.8.1\junit-3.8.1.jar;C:\Users\john\.m2\repository\org\apache\httpcomponents\httpclient\4.1.2\httpclient-4.1.2.jar;C:\Users\john\.m2\repository\org\apache\httpcomponents\httpcore\4.1.2\httpcore-4.1.2.jar;C:\Users\john\.m2\repository\commons-logging\commons-logging\1.1.1\commons-logging-1.1.1.jar;C:\Users\john\.m2\repository\commons-codec\commons-codec\1.4\commons-codec-1.4.jar;C:\Users\john\.m2\repository\org\codehaus\jackson\jackson-mapper-asl\1.9.1\jackson-mapper-asl-1.9.1.jar;C:\Users\john\.m2\repository\org\codehaus\jackson\jackson-core-asl\1.9.1\jackson-core-asl-1.9.1.jar;C:\Users\john\.m2\repository\javax\servlet\servlet-api\2.5\servlet-api-2.5.jar;"/>
    <property name="java.vm.specification.version" value="1.0"/>
    <property name="sun.arch.data.model" value="32"/>
    <property name="java.home" value="E:\Program Files\Java\jdk1.6.0_17\jre"/>
    <property name="java.specification.vendor" value="Sun Microsystems Inc."/>
    <property name="user.language" value="zh"/>
    <property name="awt.toolkit" value="sun.awt.windows.WToolkit"/>
    <property name="java.vm.info" value="mixed mode, sharing"/>
    <property name="java.version" value="1.6.0_17"/>
    <property name="java.ext.dirs" value="E:\Program Files\Java\jdk1.6.0_17\jre\lib\ext;C:\Windows\Sun\Java\lib\ext"/>
    <property name="sun.boot.class.path" value="E:\Program Files\Java\jdk1.6.0_17\jre\lib\resources.jar;E:\Program Files\Java\jdk1.6.0_17\jre\lib\rt.jar;E:\Program Files\Java\jdk1.6.0_17\jre\lib\sunrsasign.jar;E:\Program Files\Java\jdk1.6.0_17\jre\lib\jsse.jar;E:\Program Files\Java\jdk1.6.0_17\jre\lib\jce.jar;E:\Program Files\Java\jdk1.6.0_17\jre\lib\charsets.jar;E:\Program Files\Java\jdk1.6.0_17\jre\classes"/>
    <property name="java.vendor" value="Sun Microsystems Inc."/>
    <property name="localRepository" value="C:\Users\john\.m2\repository"/>
    <property name="file.separator" value="\"/>
    <property name="java.vendor.url.bug" value="http://java.sun.com/cgi-bin/bugreport.cgi"/>
    <property name="sun.cpu.endian" value="little"/>
    <property name="sun.io.unicode.encoding" value="UnicodeLittle"/>
    <property name="sun.desktop" value="windows"/>
    <property name="sun.cpu.isalist" value="pentium_pro+mmx pentium_pro pentium+mmx pentium i486 i386 i86"/>
  </properties>
</testsuite>